<?xml version="1.0" encoding="UTF-8"?>
<!-- Generated by org.testng.reporters.JUnitReportReporter -->
<testsuite hostname="asimov404" name="com.southwest.training.test.TestMainMessage" tests="7" failures="0" timestamp="22 Apr 2016 03:05:53 GMT" time="0.385" errors="0">
  <testcase name="shouldReturnExceptionWhenIsnull" time="0.051" classname="com.southwest.training.test.TestMainMessage"/>
  <testcase name="shouldSolverObjectBeNotNull" time="0.043" classname="com.southwest.training.test.TestMainMessage"/>
  <testcase name="shouldReturnSomeMessageWhenStrateyUnknown" time="0.053" classname="com.southwest.training.test.TestMainMessage"/>
  <testcase name="shouldReturnetStrategyResultWhenStrategyFactoryRecivedSolverInstace" time="0.039" classname="com.southwest.training.test.TestMainMessage"/>
  <testcase name="shouldReturnSomeMessageWhenBussinesRequestStratey" time="0.082" classname="com.southwest.training.test.TestMainMessage"/>
  <testcase name="shouldReturnSomeMessageWhenBadRequestStratey" time="0.053" classname="com.southwest.training.test.TestMainMessage"/>
  <testcase name="shouldReturnSomeMessageWhenCompleteStratey" time="0.064" classname="com.southwest.training.test.TestMainMessage"/>
</testsuite> <!-- com.southwest.training.test.TestMainMessage -->
